{"D:\\dev\\netflix-roulette\\src\\components\\add-button\\add-button.component.jsx": {"path":"D:\\dev\\netflix-roulette\\src\\components\\add-button\\add-button.component.jsx","statementMap":{"0":{"start":{"line":9,"column":17},"end":{"line":15,"column":2}},"1":{"start":{"line":17,"column":18},"end":{"line":42,"column":1}},"2":{"start":{"line":18,"column":19},"end":{"line":23,"column":8}},"3":{"start":{"line":25,"column":21},"end":{"line":25,"column":34}},"4":{"start":{"line":26,"column":23},"end":{"line":28,"column":5}},"5":{"start":{"line":27,"column":8},"end":{"line":27,"column":34}},"6":{"start":{"line":30,"column":4},"end":{"line":41,"column":6}}},"fnMap":{"0":{"name":"(anonymous_0)","decl":{"start":{"line":17,"column":18},"end":{"line":17,"column":19}},"loc":{"start":{"line":17,"column":24},"end":{"line":42,"column":1}},"line":17},"1":{"name":"(anonymous_1)","decl":{"start":{"line":26,"column":23},"end":{"line":26,"column":24}},"loc":{"start":{"line":26,"column":29},"end":{"line":28,"column":5}},"line":26}},"branchMap":{},"s":{"0":1,"1":1,"2":2,"3":2,"4":2,"5":0,"6":2},"f":{"0":2,"1":0},"b":{},"_coverageSchema":"1a1c01bbd47fc00a2c39e90264f33305004495a9","hash":"93a3ce5dfae7ea399222da75e6e95fcad05d2501"}
,"D:\\dev\\netflix-roulette\\src\\components\\add-edit-dialog\\add-edit-dialog.component.jsx": {"path":"D:\\dev\\netflix-roulette\\src\\components\\add-edit-dialog\\add-edit-dialog.component.jsx","statementMap":{"0":{"start":{"line":32,"column":22},"end":{"line":242,"column":1}},"1":{"start":{"line":33,"column":19},"end":{"line":33,"column":60}},"2":{"start":{"line":33,"column":40},"end":{"line":33,"column":59}},"3":{"start":{"line":35,"column":22},"end":{"line":43,"column":5}},"4":{"start":{"line":45,"column":21},"end":{"line":45,"column":34}},"5":{"start":{"line":47,"column":24},"end":{"line":47,"column":70}},"6":{"start":{"line":48,"column":26},"end":{"line":48,"column":49}},"7":{"start":{"line":49,"column":19},"end":{"line":56,"column":6}},"8":{"start":{"line":53,"column":12},"end":{"line":53,"column":81}},"9":{"start":{"line":54,"column":12},"end":{"line":54,"column":70}},"10":{"start":{"line":58,"column":30},"end":{"line":62,"column":5}},"11":{"start":{"line":59,"column":26},"end":{"line":59,"column":38}},"12":{"start":{"line":60,"column":23},"end":{"line":60,"column":75}},"13":{"start":{"line":61,"column":8},"end":{"line":61,"column":47}},"14":{"start":{"line":64,"column":29},"end":{"line":68,"column":5}},"15":{"start":{"line":65,"column":20},"end":{"line":65,"column":82}},"16":{"start":{"line":66,"column":25},"end":{"line":66,"column":80}},"17":{"start":{"line":67,"column":8},"end":{"line":67,"column":55}},"18":{"start":{"line":70,"column":24},"end":{"line":72,"column":5}},"19":{"start":{"line":71,"column":8},"end":{"line":71,"column":39}},"20":{"start":{"line":74,"column":4},"end":{"line":241,"column":5}},"21":{"start":{"line":139,"column":48},"end":{"line":141,"column":49}},"22":{"start":{"line":140,"column":52},"end":{"line":140,"column":85}},"23":{"start":{"line":142,"column":48},"end":{"line":142,"column":74}},"24":{"start":{"line":145,"column":48},"end":{"line":148,"column":59}},"25":{"start":{"line":169,"column":48},"end":{"line":173,"column":125}}},"fnMap":{"0":{"name":"(anonymous_0)","decl":{"start":{"line":32,"column":22},"end":{"line":32,"column":23}},"loc":{"start":{"line":32,"column":28},"end":{"line":242,"column":1}},"line":32},"1":{"name":"(anonymous_1)","decl":{"start":{"line":33,"column":31},"end":{"line":33,"column":32}},"loc":{"start":{"line":33,"column":40},"end":{"line":33,"column":59}},"line":33},"2":{"name":"(anonymous_2)","decl":{"start":{"line":52,"column":18},"end":{"line":52,"column":19}},"loc":{"start":{"line":52,"column":28},"end":{"line":55,"column":9}},"line":52},"3":{"name":"(anonymous_3)","decl":{"start":{"line":58,"column":30},"end":{"line":58,"column":31}},"loc":{"start":{"line":58,"column":41},"end":{"line":62,"column":5}},"line":58},"4":{"name":"(anonymous_4)","decl":{"start":{"line":64,"column":29},"end":{"line":64,"column":30}},"loc":{"start":{"line":64,"column":38},"end":{"line":68,"column":5}},"line":64},"5":{"name":"(anonymous_5)","decl":{"start":{"line":70,"column":24},"end":{"line":70,"column":25}},"loc":{"start":{"line":70,"column":30},"end":{"line":72,"column":5}},"line":70},"6":{"name":"(anonymous_6)","decl":{"start":{"line":138,"column":57},"end":{"line":138,"column":58}},"loc":{"start":{"line":138,"column":71},"end":{"line":143,"column":45}},"line":138},"7":{"name":"(anonymous_7)","decl":{"start":{"line":144,"column":61},"end":{"line":144,"column":62}},"loc":{"start":{"line":145,"column":48},"end":{"line":148,"column":59}},"line":145},"8":{"name":"(anonymous_8)","decl":{"start":{"line":168,"column":57},"end":{"line":168,"column":58}},"loc":{"start":{"line":169,"column":48},"end":{"line":173,"column":125}},"line":169}},"branchMap":{"0":{"loc":{"start":{"line":35,"column":22},"end":{"line":43,"column":5}},"type":"binary-expr","locations":[{"start":{"line":35,"column":22},"end":{"line":35,"column":38}},{"start":{"line":35,"column":42},"end":{"line":43,"column":5}}],"line":35},"1":{"loc":{"start":{"line":53,"column":34},"end":{"line":53,"column":80}},"type":"cond-expr","locations":[{"start":{"line":53,"column":56},"end":{"line":53,"column":75}},{"start":{"line":53,"column":78},"end":{"line":53,"column":80}}],"line":53},"2":{"loc":{"start":{"line":60,"column":23},"end":{"line":60,"column":75}},"type":"cond-expr","locations":[{"start":{"line":60,"column":51},"end":{"line":60,"column":67}},{"start":{"line":60,"column":70},"end":{"line":60,"column":75}}],"line":60},"3":{"loc":{"start":{"line":65,"column":20},"end":{"line":65,"column":82}},"type":"cond-expr","locations":[{"start":{"line":65,"column":43},"end":{"line":65,"column":64}},{"start":{"line":65,"column":67},"end":{"line":65,"column":82}}],"line":65},"4":{"loc":{"start":{"line":92,"column":56},"end":{"line":92,"column":107}},"type":"cond-expr","locations":[{"start":{"line":92,"column":81},"end":{"line":92,"column":93}},{"start":{"line":92,"column":96},"end":{"line":92,"column":107}}],"line":92},"5":{"loc":{"start":{"line":104,"column":47},"end":{"line":104,"column":99}},"type":"binary-expr","locations":[{"start":{"line":104,"column":47},"end":{"line":104,"column":67}},{"start":{"line":104,"column":71},"end":{"line":104,"column":99}}],"line":104},"6":{"loc":{"start":{"line":105,"column":52},"end":{"line":105,"column":95}},"type":"binary-expr","locations":[{"start":{"line":105,"column":52},"end":{"line":105,"column":72}},{"start":{"line":105,"column":76},"end":{"line":105,"column":95}}],"line":105},"7":{"loc":{"start":{"line":119,"column":47},"end":{"line":119,"column":111}},"type":"binary-expr","locations":[{"start":{"line":119,"column":47},"end":{"line":119,"column":73}},{"start":{"line":119,"column":77},"end":{"line":119,"column":111}}],"line":119},"8":{"loc":{"start":{"line":120,"column":52},"end":{"line":120,"column":107}},"type":"binary-expr","locations":[{"start":{"line":120,"column":52},"end":{"line":120,"column":78}},{"start":{"line":120,"column":82},"end":{"line":120,"column":107}}],"line":120},"9":{"loc":{"start":{"line":135,"column":51},"end":{"line":135,"column":105}},"type":"binary-expr","locations":[{"start":{"line":135,"column":51},"end":{"line":135,"column":72}},{"start":{"line":135,"column":76},"end":{"line":135,"column":105}}],"line":135},"10":{"loc":{"start":{"line":139,"column":48},"end":{"line":141,"column":49}},"type":"if","locations":[{"start":{"line":139,"column":48},"end":{"line":141,"column":49}},{"start":{},"end":{}}],"line":139},"11":{"loc":{"start":{"line":152,"column":51},"end":{"line":152,"column":105}},"type":"binary-expr","locations":[{"start":{"line":152,"column":51},"end":{"line":152,"column":72}},{"start":{"line":152,"column":76},"end":{"line":152,"column":105}}],"line":152},"12":{"loc":{"start":{"line":153,"column":45},"end":{"line":153,"column":90}},"type":"binary-expr","locations":[{"start":{"line":153,"column":45},"end":{"line":153,"column":66}},{"start":{"line":153,"column":70},"end":{"line":153,"column":90}}],"line":153},"13":{"loc":{"start":{"line":172,"column":59},"end":{"line":172,"column":125}},"type":"binary-expr","locations":[{"start":{"line":172,"column":59},"end":{"line":172,"column":86}},{"start":{"line":172,"column":90},"end":{"line":172,"column":125}}],"line":172},"14":{"loc":{"start":{"line":173,"column":64},"end":{"line":173,"column":121}},"type":"binary-expr","locations":[{"start":{"line":173,"column":64},"end":{"line":173,"column":91}},{"start":{"line":173,"column":95},"end":{"line":173,"column":121}}],"line":173},"15":{"loc":{"start":{"line":185,"column":47},"end":{"line":185,"column":113}},"type":"binary-expr","locations":[{"start":{"line":185,"column":47},"end":{"line":185,"column":74}},{"start":{"line":185,"column":78},"end":{"line":185,"column":113}}],"line":185},"16":{"loc":{"start":{"line":186,"column":52},"end":{"line":186,"column":109}},"type":"binary-expr","locations":[{"start":{"line":186,"column":52},"end":{"line":186,"column":79}},{"start":{"line":186,"column":83},"end":{"line":186,"column":109}}],"line":186},"17":{"loc":{"start":{"line":199,"column":47},"end":{"line":199,"column":103}},"type":"binary-expr","locations":[{"start":{"line":199,"column":47},"end":{"line":199,"column":69}},{"start":{"line":199,"column":73},"end":{"line":199,"column":103}}],"line":199},"18":{"loc":{"start":{"line":200,"column":52},"end":{"line":200,"column":99}},"type":"binary-expr","locations":[{"start":{"line":200,"column":52},"end":{"line":200,"column":74}},{"start":{"line":200,"column":78},"end":{"line":200,"column":99}}],"line":200},"19":{"loc":{"start":{"line":215,"column":43},"end":{"line":215,"column":101}},"type":"binary-expr","locations":[{"start":{"line":215,"column":43},"end":{"line":215,"column":66}},{"start":{"line":215,"column":70},"end":{"line":215,"column":101}}],"line":215},"20":{"loc":{"start":{"line":216,"column":48},"end":{"line":216,"column":97}},"type":"binary-expr","locations":[{"start":{"line":216,"column":48},"end":{"line":216,"column":71}},{"start":{"line":216,"column":75},"end":{"line":216,"column":97}}],"line":216}},"s":{"0":1,"1":1,"2":1,"3":1,"4":1,"5":1,"6":1,"7":1,"8":0,"9":0,"10":1,"11":0,"12":0,"13":0,"14":1,"15":0,"16":0,"17":0,"18":1,"19":0,"20":1,"21":0,"22":0,"23":0,"24":4,"25":0},"f":{"0":1,"1":1,"2":0,"3":0,"4":0,"5":0,"6":0,"7":4,"8":0},"b":{"0":[1,1],"1":[0,0],"2":[0,0],"3":[0,0],"4":[0,1],"5":[1,0],"6":[1,0],"7":[1,0],"8":[1,0],"9":[1,0],"10":[0,0],"11":[1,0],"12":[1,0],"13":[0,0],"14":[0,0],"15":[1,0],"16":[1,0],"17":[1,0],"18":[1,0],"19":[1,0],"20":[1,0]},"_coverageSchema":"1a1c01bbd47fc00a2c39e90264f33305004495a9","hash":"4e50a704a55b409d97d1675c9be79db84b7aac2c"}
,"D:\\dev\\netflix-roulette\\src\\components\\custom-button\\custom-button.component.jsx": {"path":"D:\\dev\\netflix-roulette\\src\\components\\custom-button\\custom-button.component.jsx","statementMap":{"0":{"start":{"line":9,"column":21},"end":{"line":26,"column":1}},"1":{"start":{"line":10,"column":52},"end":{"line":10,"column":69}},"2":{"start":{"line":12,"column":19},"end":{"line":14,"column":8}},"3":{"start":{"line":16,"column":4},"end":{"line":25,"column":5}},"4":{"start":{"line":28,"column":0},"end":{"line":34,"column":2}},"5":{"start":{"line":35,"column":0},"end":{"line":35,"column":63}}},"fnMap":{"0":{"name":"(anonymous_0)","decl":{"start":{"line":9,"column":21},"end":{"line":9,"column":22}},"loc":{"start":{"line":9,"column":54},"end":{"line":26,"column":1}},"line":9}},"branchMap":{},"s":{"0":1,"1":1,"2":1,"3":1,"4":1,"5":1},"f":{"0":1},"b":{},"_coverageSchema":"1a1c01bbd47fc00a2c39e90264f33305004495a9","hash":"468b662a06ab04d0d3f493a0f86e95e869917c23"}
,"D:\\dev\\netflix-roulette\\src\\components\\filter-bar\\filter-bar.component.jsx": {"path":"D:\\dev\\netflix-roulette\\src\\components\\filter-bar\\filter-bar.component.jsx","statementMap":{"0":{"start":{"line":14,"column":18},"end":{"line":59,"column":1}},"1":{"start":{"line":15,"column":20},"end":{"line":15,"column":32}},"2":{"start":{"line":16,"column":23},"end":{"line":16,"column":61}},"3":{"start":{"line":16,"column":44},"end":{"line":16,"column":60}},"4":{"start":{"line":17,"column":25},"end":{"line":17,"column":65}},"5":{"start":{"line":17,"column":46},"end":{"line":17,"column":64}},"6":{"start":{"line":18,"column":18},"end":{"line":18,"column":60}},"7":{"start":{"line":19,"column":21},"end":{"line":19,"column":34}},"8":{"start":{"line":21,"column":4},"end":{"line":23,"column":11}},"9":{"start":{"line":22,"column":8},"end":{"line":22,"column":30}},"10":{"start":{"line":25,"column":32},"end":{"line":31,"column":5}},"11":{"start":{"line":26,"column":8},"end":{"line":30,"column":9}},"12":{"start":{"line":27,"column":12},"end":{"line":29,"column":13}},"13":{"start":{"line":28,"column":16},"end":{"line":28,"column":71}},"14":{"start":{"line":33,"column":26},"end":{"line":46,"column":5}},"15":{"start":{"line":34,"column":8},"end":{"line":34,"column":31}},"16":{"start":{"line":35,"column":8},"end":{"line":35,"column":75}},"17":{"start":{"line":36,"column":8},"end":{"line":45,"column":9}},"18":{"start":{"line":37,"column":26},"end":{"line":37,"column":80}},"19":{"start":{"line":38,"column":12},"end":{"line":41,"column":15}},"20":{"start":{"line":42,"column":12},"end":{"line":42,"column":34}},"21":{"start":{"line":44,"column":12},"end":{"line":44,"column":34}},"22":{"start":{"line":48,"column":4},"end":{"line":58,"column":6}},"23":{"start":{"line":51,"column":16},"end":{"line":55,"column":35}}},"fnMap":{"0":{"name":"(anonymous_0)","decl":{"start":{"line":14,"column":18},"end":{"line":14,"column":19}},"loc":{"start":{"line":14,"column":24},"end":{"line":59,"column":1}},"line":14},"1":{"name":"(anonymous_1)","decl":{"start":{"line":16,"column":35},"end":{"line":16,"column":36}},"loc":{"start":{"line":16,"column":44},"end":{"line":16,"column":60}},"line":16},"2":{"name":"(anonymous_2)","decl":{"start":{"line":17,"column":37},"end":{"line":17,"column":38}},"loc":{"start":{"line":17,"column":46},"end":{"line":17,"column":64}},"line":17},"3":{"name":"(anonymous_3)","decl":{"start":{"line":21,"column":14},"end":{"line":21,"column":15}},"loc":{"start":{"line":21,"column":20},"end":{"line":23,"column":5}},"line":21},"4":{"name":"(anonymous_4)","decl":{"start":{"line":25,"column":32},"end":{"line":25,"column":33}},"loc":{"start":{"line":25,"column":38},"end":{"line":31,"column":5}},"line":25},"5":{"name":"(anonymous_5)","decl":{"start":{"line":33,"column":26},"end":{"line":33,"column":27}},"loc":{"start":{"line":33,"column":47},"end":{"line":46,"column":5}},"line":33},"6":{"name":"(anonymous_6)","decl":{"start":{"line":50,"column":31},"end":{"line":50,"column":32}},"loc":{"start":{"line":51,"column":16},"end":{"line":55,"column":35}},"line":51}},"branchMap":{"0":{"loc":{"start":{"line":26,"column":8},"end":{"line":30,"column":9}},"type":"if","locations":[{"start":{"line":26,"column":8},"end":{"line":30,"column":9}},{"start":{},"end":{}}],"line":26},"1":{"loc":{"start":{"line":27,"column":12},"end":{"line":29,"column":13}},"type":"if","locations":[{"start":{"line":27,"column":12},"end":{"line":29,"column":13}},{"start":{},"end":{}}],"line":27},"2":{"loc":{"start":{"line":27,"column":16},"end":{"line":27,"column":83}},"type":"binary-expr","locations":[{"start":{"line":27,"column":16},"end":{"line":27,"column":51}},{"start":{"line":27,"column":55},"end":{"line":27,"column":83}}],"line":27},"3":{"loc":{"start":{"line":36,"column":8},"end":{"line":45,"column":9}},"type":"if","locations":[{"start":{"line":36,"column":8},"end":{"line":45,"column":9}},{"start":{"line":43,"column":15},"end":{"line":45,"column":9}}],"line":36}},"s":{"0":1,"1":1,"2":1,"3":1,"4":1,"5":1,"6":1,"7":1,"8":1,"9":1,"10":1,"11":1,"12":0,"13":0,"14":1,"15":0,"16":0,"17":0,"18":0,"19":0,"20":0,"21":0,"22":1,"23":5},"f":{"0":1,"1":1,"2":1,"3":1,"4":1,"5":0,"6":5},"b":{"0":[0,1],"1":[0,0],"2":[0,0],"3":[0,0]},"_coverageSchema":"1a1c01bbd47fc00a2c39e90264f33305004495a9","hash":"e8eb6ff5afa05370f1c351572735b0b37a939dc8"}
,"D:\\dev\\netflix-roulette\\src\\components\\logo\\logo.component.jsx": {"path":"D:\\dev\\netflix-roulette\\src\\components\\logo\\logo.component.jsx","statementMap":{"0":{"start":{"line":4,"column":13},"end":{"line":9,"column":1}},"1":{"start":{"line":5,"column":4},"end":{"line":8,"column":10}}},"fnMap":{"0":{"name":"(anonymous_0)","decl":{"start":{"line":4,"column":13},"end":{"line":4,"column":14}},"loc":{"start":{"line":5,"column":4},"end":{"line":8,"column":10}},"line":5}},"branchMap":{},"s":{"0":1,"1":1},"f":{"0":1},"b":{},"_coverageSchema":"1a1c01bbd47fc00a2c39e90264f33305004495a9","hash":"44637281a41f8d6ffb0727d605f58eedc2835c03"}
,"D:\\dev\\netflix-roulette\\src\\components\\search\\search.component.jsx": {"path":"D:\\dev\\netflix-roulette\\src\\components\\search\\search.component.jsx","statementMap":{"0":{"start":{"line":16,"column":15},"end":{"line":93,"column":1}},"1":{"start":{"line":17,"column":20},"end":{"line":17,"column":32}},"2":{"start":{"line":18,"column":18},"end":{"line":18,"column":60}},"3":{"start":{"line":19,"column":23},"end":{"line":19,"column":61}},"4":{"start":{"line":19,"column":44},"end":{"line":19,"column":60}},"5":{"start":{"line":20,"column":25},"end":{"line":20,"column":65}},"6":{"start":{"line":20,"column":46},"end":{"line":20,"column":64}},"7":{"start":{"line":21,"column":25},"end":{"line":21,"column":65}},"8":{"start":{"line":21,"column":46},"end":{"line":21,"column":64}},"9":{"start":{"line":22,"column":28},"end":{"line":22,"column":39}},"10":{"start":{"line":23,"column":21},"end":{"line":23,"column":34}},"11":{"start":{"line":25,"column":4},"end":{"line":27,"column":11}},"12":{"start":{"line":26,"column":8},"end":{"line":26,"column":29}},"13":{"start":{"line":29,"column":4},"end":{"line":31,"column":49}},"14":{"start":{"line":30,"column":8},"end":{"line":30,"column":31}},"15":{"start":{"line":33,"column":31},"end":{"line":38,"column":5}},"16":{"start":{"line":34,"column":8},"end":{"line":37,"column":9}},"17":{"start":{"line":35,"column":27},"end":{"line":35,"column":44}},"18":{"start":{"line":36,"column":12},"end":{"line":36,"column":62}},"19":{"start":{"line":40,"column":33},"end":{"line":48,"column":5}},"20":{"start":{"line":41,"column":27},"end":{"line":41,"column":77}},"21":{"start":{"line":42,"column":8},"end":{"line":47,"column":9}},"22":{"start":{"line":43,"column":12},"end":{"line":46,"column":15}},"23":{"start":{"line":50,"column":29},"end":{"line":54,"column":5}},"24":{"start":{"line":51,"column":8},"end":{"line":53,"column":9}},"25":{"start":{"line":52,"column":12},"end":{"line":52,"column":27}},"26":{"start":{"line":56,"column":25},"end":{"line":66,"column":5}},"27":{"start":{"line":57,"column":23},"end":{"line":57,"column":32}},"28":{"start":{"line":58,"column":8},"end":{"line":60,"column":9}},"29":{"start":{"line":59,"column":12},"end":{"line":59,"column":48}},"30":{"start":{"line":61,"column":8},"end":{"line":64,"column":11}},"31":{"start":{"line":65,"column":8},"end":{"line":65,"column":30}},"32":{"start":{"line":68,"column":4},"end":{"line":92,"column":5}},"33":{"start":{"line":79,"column":39},"end":{"line":79,"column":97}}},"fnMap":{"0":{"name":"(anonymous_0)","decl":{"start":{"line":16,"column":15},"end":{"line":16,"column":16}},"loc":{"start":{"line":16,"column":21},"end":{"line":93,"column":1}},"line":16},"1":{"name":"(anonymous_1)","decl":{"start":{"line":19,"column":35},"end":{"line":19,"column":36}},"loc":{"start":{"line":19,"column":44},"end":{"line":19,"column":60}},"line":19},"2":{"name":"(anonymous_2)","decl":{"start":{"line":20,"column":37},"end":{"line":20,"column":38}},"loc":{"start":{"line":20,"column":46},"end":{"line":20,"column":64}},"line":20},"3":{"name":"(anonymous_3)","decl":{"start":{"line":21,"column":37},"end":{"line":21,"column":38}},"loc":{"start":{"line":21,"column":46},"end":{"line":21,"column":64}},"line":21},"4":{"name":"(anonymous_4)","decl":{"start":{"line":25,"column":14},"end":{"line":25,"column":15}},"loc":{"start":{"line":25,"column":20},"end":{"line":27,"column":5}},"line":25},"5":{"name":"(anonymous_5)","decl":{"start":{"line":29,"column":14},"end":{"line":29,"column":15}},"loc":{"start":{"line":29,"column":20},"end":{"line":31,"column":5}},"line":29},"6":{"name":"(anonymous_6)","decl":{"start":{"line":33,"column":31},"end":{"line":33,"column":32}},"loc":{"start":{"line":33,"column":37},"end":{"line":38,"column":5}},"line":33},"7":{"name":"(anonymous_7)","decl":{"start":{"line":40,"column":33},"end":{"line":40,"column":34}},"loc":{"start":{"line":40,"column":39},"end":{"line":48,"column":5}},"line":40},"8":{"name":"(anonymous_8)","decl":{"start":{"line":50,"column":29},"end":{"line":50,"column":30}},"loc":{"start":{"line":50,"column":40},"end":{"line":54,"column":5}},"line":50},"9":{"name":"(anonymous_9)","decl":{"start":{"line":56,"column":25},"end":{"line":56,"column":26}},"loc":{"start":{"line":56,"column":31},"end":{"line":66,"column":5}},"line":56},"10":{"name":"(anonymous_10)","decl":{"start":{"line":79,"column":34},"end":{"line":79,"column":35}},"loc":{"start":{"line":79,"column":39},"end":{"line":79,"column":97}},"line":79}},"branchMap":{"0":{"loc":{"start":{"line":34,"column":8},"end":{"line":37,"column":9}},"type":"if","locations":[{"start":{"line":34,"column":8},"end":{"line":37,"column":9}},{"start":{},"end":{}}],"line":34},"1":{"loc":{"start":{"line":35,"column":27},"end":{"line":35,"column":44}},"type":"binary-expr","locations":[{"start":{"line":35,"column":27},"end":{"line":35,"column":38}},{"start":{"line":35,"column":42},"end":{"line":35,"column":44}}],"line":35},"2":{"loc":{"start":{"line":42,"column":8},"end":{"line":47,"column":9}},"type":"if","locations":[{"start":{"line":42,"column":8},"end":{"line":47,"column":9}},{"start":{},"end":{}}],"line":42},"3":{"loc":{"start":{"line":44,"column":36},"end":{"line":44,"column":74}},"type":"cond-expr","locations":[{"start":{"line":44,"column":51},"end":{"line":44,"column":69}},{"start":{"line":44,"column":72},"end":{"line":44,"column":74}}],"line":44},"4":{"loc":{"start":{"line":51,"column":8},"end":{"line":53,"column":9}},"type":"if","locations":[{"start":{"line":51,"column":8},"end":{"line":53,"column":9}},{"start":{},"end":{}}],"line":51},"5":{"loc":{"start":{"line":58,"column":8},"end":{"line":60,"column":9}},"type":"if","locations":[{"start":{"line":58,"column":8},"end":{"line":60,"column":9}},{"start":{},"end":{}}],"line":58}},"s":{"0":1,"1":1,"2":1,"3":1,"4":2,"5":1,"6":2,"7":1,"8":2,"9":1,"10":1,"11":1,"12":1,"13":1,"14":1,"15":1,"16":1,"17":1,"18":1,"19":1,"20":1,"21":1,"22":0,"23":1,"24":0,"25":0,"26":1,"27":0,"28":0,"29":0,"30":0,"31":0,"32":1,"33":0},"f":{"0":1,"1":2,"2":2,"3":2,"4":1,"5":1,"6":1,"7":1,"8":0,"9":0,"10":0},"b":{"0":[1,0],"1":[1,1],"2":[0,1],"3":[0,0],"4":[0,0],"5":[0,0]},"_coverageSchema":"1a1c01bbd47fc00a2c39e90264f33305004495a9","hash":"e2a9ea18b9d6f81f0404219360c98e3fe50790ea"}
,"D:\\dev\\netflix-roulette\\src\\store\\actionCreators.js": {"path":"D:\\dev\\netflix-roulette\\src\\store\\actionCreators.js","statementMap":{"0":{"start":{"line":2,"column":29},"end":{"line":5,"column":6}},"1":{"start":{"line":3,"column":4},"end":{"line":5,"column":5}},"2":{"start":{"line":7,"column":30},"end":{"line":10,"column":6}},"3":{"start":{"line":8,"column":4},"end":{"line":10,"column":5}},"4":{"start":{"line":11,"column":34},"end":{"line":14,"column":6}},"5":{"start":{"line":12,"column":4},"end":{"line":14,"column":5}},"6":{"start":{"line":16,"column":32},"end":{"line":19,"column":6}},"7":{"start":{"line":17,"column":4},"end":{"line":19,"column":5}},"8":{"start":{"line":20,"column":33},"end":{"line":23,"column":6}},"9":{"start":{"line":21,"column":4},"end":{"line":23,"column":5}},"10":{"start":{"line":25,"column":30},"end":{"line":28,"column":6}},"11":{"start":{"line":26,"column":4},"end":{"line":28,"column":5}},"12":{"start":{"line":29,"column":31},"end":{"line":32,"column":6}},"13":{"start":{"line":30,"column":4},"end":{"line":32,"column":5}}},"fnMap":{"0":{"name":"(anonymous_0)","decl":{"start":{"line":2,"column":29},"end":{"line":2,"column":30}},"loc":{"start":{"line":3,"column":4},"end":{"line":5,"column":5}},"line":3},"1":{"name":"(anonymous_1)","decl":{"start":{"line":7,"column":30},"end":{"line":7,"column":31}},"loc":{"start":{"line":8,"column":4},"end":{"line":10,"column":5}},"line":8},"2":{"name":"(anonymous_2)","decl":{"start":{"line":11,"column":34},"end":{"line":11,"column":35}},"loc":{"start":{"line":12,"column":4},"end":{"line":14,"column":5}},"line":12},"3":{"name":"(anonymous_3)","decl":{"start":{"line":16,"column":32},"end":{"line":16,"column":33}},"loc":{"start":{"line":17,"column":4},"end":{"line":19,"column":5}},"line":17},"4":{"name":"(anonymous_4)","decl":{"start":{"line":20,"column":33},"end":{"line":20,"column":34}},"loc":{"start":{"line":21,"column":4},"end":{"line":23,"column":5}},"line":21},"5":{"name":"(anonymous_5)","decl":{"start":{"line":25,"column":30},"end":{"line":25,"column":31}},"loc":{"start":{"line":26,"column":4},"end":{"line":28,"column":5}},"line":26},"6":{"name":"(anonymous_6)","decl":{"start":{"line":29,"column":31},"end":{"line":29,"column":32}},"loc":{"start":{"line":30,"column":4},"end":{"line":32,"column":5}},"line":30}},"branchMap":{},"s":{"0":1,"1":0,"2":1,"3":0,"4":1,"5":0,"6":1,"7":0,"8":1,"9":0,"10":1,"11":0,"12":1,"13":0},"f":{"0":0,"1":0,"2":0,"3":0,"4":0,"5":0,"6":0},"b":{},"_coverageSchema":"1a1c01bbd47fc00a2c39e90264f33305004495a9","hash":"accf248d788ff5742ee48945cb5f51837e39bf14"}
,"D:\\dev\\netflix-roulette\\src\\store\\initialState.js": {"path":"D:\\dev\\netflix-roulette\\src\\store\\initialState.js","statementMap":{"0":{"start":{"line":1,"column":21},"end":{"line":10,"column":1}}},"fnMap":{},"branchMap":{},"s":{"0":2},"f":{},"b":{},"_coverageSchema":"1a1c01bbd47fc00a2c39e90264f33305004495a9","hash":"3aaa80f49ebb20ae5261be5b210feffc702c94b5"}
,"D:\\dev\\netflix-roulette\\src\\store\\thunks.js": {"path":"D:\\dev\\netflix-roulette\\src\\store\\thunks.js","statementMap":{"0":{"start":{"line":5,"column":25},"end":{"line":22,"column":5}},"1":{"start":{"line":6,"column":4},"end":{"line":22,"column":5}},"2":{"start":{"line":7,"column":59},"end":{"line":7,"column":69}},"3":{"start":{"line":8,"column":20},"end":{"line":8,"column":74}},"4":{"start":{"line":9,"column":8},"end":{"line":21,"column":15}},"5":{"start":{"line":10,"column":30},"end":{"line":10,"column":45}},"6":{"start":{"line":11,"column":26},"end":{"line":18,"column":18}},"7":{"start":{"line":20,"column":16},"end":{"line":20,"column":34}},"8":{"start":{"line":24,"column":28},"end":{"line":46,"column":5}},"9":{"start":{"line":25,"column":4},"end":{"line":46,"column":5}},"10":{"start":{"line":26,"column":8},"end":{"line":45,"column":15}},"11":{"start":{"line":34,"column":16},"end":{"line":34,"column":37}},"12":{"start":{"line":35,"column":16},"end":{"line":35,"column":46}},"13":{"start":{"line":36,"column":16},"end":{"line":40,"column":17}},"14":{"start":{"line":37,"column":20},"end":{"line":37,"column":50}},"15":{"start":{"line":39,"column":20},"end":{"line":39,"column":51}},"16":{"start":{"line":43,"column":16},"end":{"line":43,"column":46}},"17":{"start":{"line":44,"column":16},"end":{"line":44,"column":47}},"18":{"start":{"line":48,"column":27},"end":{"line":66,"column":5}},"19":{"start":{"line":49,"column":4},"end":{"line":66,"column":5}},"20":{"start":{"line":50,"column":8},"end":{"line":65,"column":15}},"21":{"start":{"line":54,"column":16},"end":{"line":54,"column":37}},"22":{"start":{"line":55,"column":16},"end":{"line":55,"column":46}},"23":{"start":{"line":56,"column":16},"end":{"line":60,"column":17}},"24":{"start":{"line":57,"column":20},"end":{"line":57,"column":50}},"25":{"start":{"line":59,"column":20},"end":{"line":59,"column":51}},"26":{"start":{"line":63,"column":16},"end":{"line":63,"column":46}},"27":{"start":{"line":64,"column":16},"end":{"line":64,"column":47}}},"fnMap":{"0":{"name":"(anonymous_0)","decl":{"start":{"line":5,"column":25},"end":{"line":5,"column":26}},"loc":{"start":{"line":6,"column":4},"end":{"line":22,"column":5}},"line":6},"1":{"name":"(anonymous_1)","decl":{"start":{"line":6,"column":4},"end":{"line":6,"column":5}},"loc":{"start":{"line":6,"column":28},"end":{"line":22,"column":5}},"line":6},"2":{"name":"(anonymous_2)","decl":{"start":{"line":10,"column":18},"end":{"line":10,"column":19}},"loc":{"start":{"line":10,"column":30},"end":{"line":10,"column":45}},"line":10},"3":{"name":"(anonymous_3)","decl":{"start":{"line":11,"column":18},"end":{"line":11,"column":19}},"loc":{"start":{"line":11,"column":26},"end":{"line":18,"column":18}},"line":11},"4":{"name":"(anonymous_4)","decl":{"start":{"line":19,"column":19},"end":{"line":19,"column":20}},"loc":{"start":{"line":19,"column":28},"end":{"line":21,"column":13}},"line":19},"5":{"name":"(anonymous_5)","decl":{"start":{"line":24,"column":28},"end":{"line":24,"column":29}},"loc":{"start":{"line":25,"column":4},"end":{"line":46,"column":5}},"line":25},"6":{"name":"(anonymous_6)","decl":{"start":{"line":25,"column":4},"end":{"line":25,"column":5}},"loc":{"start":{"line":25,"column":16},"end":{"line":46,"column":5}},"line":25},"7":{"name":"(anonymous_7)","decl":{"start":{"line":33,"column":18},"end":{"line":33,"column":19}},"loc":{"start":{"line":33,"column":26},"end":{"line":41,"column":13}},"line":33},"8":{"name":"(anonymous_8)","decl":{"start":{"line":42,"column":19},"end":{"line":42,"column":20}},"loc":{"start":{"line":42,"column":28},"end":{"line":45,"column":13}},"line":42},"9":{"name":"(anonymous_9)","decl":{"start":{"line":48,"column":27},"end":{"line":48,"column":28}},"loc":{"start":{"line":49,"column":4},"end":{"line":66,"column":5}},"line":49},"10":{"name":"(anonymous_10)","decl":{"start":{"line":49,"column":4},"end":{"line":49,"column":5}},"loc":{"start":{"line":49,"column":16},"end":{"line":66,"column":5}},"line":49},"11":{"name":"(anonymous_11)","decl":{"start":{"line":53,"column":18},"end":{"line":53,"column":19}},"loc":{"start":{"line":53,"column":26},"end":{"line":61,"column":13}},"line":53},"12":{"name":"(anonymous_12)","decl":{"start":{"line":62,"column":19},"end":{"line":62,"column":20}},"loc":{"start":{"line":62,"column":28},"end":{"line":65,"column":13}},"line":62}},"branchMap":{"0":{"loc":{"start":{"line":27,"column":20},"end":{"line":27,"column":51}},"type":"cond-expr","locations":[{"start":{"line":27,"column":37},"end":{"line":27,"column":43}},{"start":{"line":27,"column":46},"end":{"line":27,"column":51}}],"line":27},"1":{"loc":{"start":{"line":36,"column":16},"end":{"line":40,"column":17}},"type":"if","locations":[{"start":{"line":36,"column":16},"end":{"line":40,"column":17}},{"start":{"line":38,"column":23},"end":{"line":40,"column":17}}],"line":36},"2":{"loc":{"start":{"line":56,"column":16},"end":{"line":60,"column":17}},"type":"if","locations":[{"start":{"line":56,"column":16},"end":{"line":60,"column":17}},{"start":{"line":58,"column":23},"end":{"line":60,"column":17}}],"line":56}},"s":{"0":1,"1":0,"2":0,"3":0,"4":0,"5":0,"6":0,"7":0,"8":1,"9":0,"10":0,"11":0,"12":0,"13":0,"14":0,"15":0,"16":0,"17":0,"18":1,"19":0,"20":0,"21":0,"22":0,"23":0,"24":0,"25":0,"26":0,"27":0},"f":{"0":0,"1":0,"2":0,"3":0,"4":0,"5":0,"6":0,"7":0,"8":0,"9":0,"10":0,"11":0,"12":0},"b":{"0":[0,0],"1":[0,0],"2":[0,0]},"_coverageSchema":"1a1c01bbd47fc00a2c39e90264f33305004495a9","hash":"d01a40a907677468f3be497647ea4436460d1f16"}
,"D:\\dev\\netflix-roulette\\src\\store\\reducers\\rootReducer.js": {"path":"D:\\dev\\netflix-roulette\\src\\store\\reducers\\rootReducer.js","statementMap":{"0":{"start":{"line":15,"column":20},"end":{"line":46,"column":1}},"1":{"start":{"line":16,"column":4},"end":{"line":45,"column":5}},"2":{"start":{"line":18,"column":12},"end":{"line":18,"column":55}},"3":{"start":{"line":21,"column":12},"end":{"line":21,"column":53}},"4":{"start":{"line":24,"column":12},"end":{"line":24,"column":55}},"5":{"start":{"line":27,"column":44},"end":{"line":27,"column":51}},"6":{"start":{"line":28,"column":12},"end":{"line":28,"column":53}},"7":{"start":{"line":31,"column":12},"end":{"line":31,"column":56}},"8":{"start":{"line":34,"column":12},"end":{"line":34,"column":56}},"9":{"start":{"line":37,"column":12},"end":{"line":37,"column":55}},"10":{"start":{"line":40,"column":12},"end":{"line":40,"column":53}},"11":{"start":{"line":43,"column":12},"end":{"line":43,"column":25}}},"fnMap":{"0":{"name":"(anonymous_0)","decl":{"start":{"line":15,"column":20},"end":{"line":15,"column":21}},"loc":{"start":{"line":15,"column":65},"end":{"line":46,"column":1}},"line":15}},"branchMap":{"0":{"loc":{"start":{"line":15,"column":21},"end":{"line":15,"column":41}},"type":"default-arg","locations":[{"start":{"line":15,"column":29},"end":{"line":15,"column":41}}],"line":15},"1":{"loc":{"start":{"line":16,"column":4},"end":{"line":45,"column":5}},"type":"switch","locations":[{"start":{"line":17,"column":8},"end":{"line":19,"column":9}},{"start":{"line":20,"column":8},"end":{"line":22,"column":9}},{"start":{"line":23,"column":8},"end":{"line":25,"column":9}},{"start":{"line":26,"column":8},"end":{"line":29,"column":9}},{"start":{"line":30,"column":8},"end":{"line":32,"column":9}},{"start":{"line":33,"column":8},"end":{"line":35,"column":9}},{"start":{"line":36,"column":8},"end":{"line":38,"column":9}},{"start":{"line":39,"column":8},"end":{"line":41,"column":9}},{"start":{"line":42,"column":8},"end":{"line":44,"column":9}}],"line":16}},"s":{"0":2,"1":11,"2":1,"3":1,"4":2,"5":1,"6":1,"7":1,"8":1,"9":1,"10":1,"11":2},"f":{"0":11},"b":{"0":[2],"1":[1,1,2,1,1,1,1,1,2]},"_coverageSchema":"1a1c01bbd47fc00a2c39e90264f33305004495a9","hash":"56280136b3acad7fb917922d91af6b4fde49ed40"}
,"D:\\dev\\netflix-roulette\\src\\utils\\api.js": {"path":"D:\\dev\\netflix-roulette\\src\\utils\\api.js","statementMap":{"0":{"start":{"line":3,"column":30},"end":{"line":8,"column":1}},"1":{"start":{"line":4,"column":24},"end":{"line":4,"column":95}},"2":{"start":{"line":5,"column":22},"end":{"line":5,"column":60}},"3":{"start":{"line":6,"column":24},"end":{"line":6,"column":79}},"4":{"start":{"line":7,"column":4},"end":{"line":7,"column":77}},"5":{"start":{"line":10,"column":28},"end":{"line":10,"column":55}},"6":{"start":{"line":10,"column":34},"end":{"line":10,"column":55}}},"fnMap":{"0":{"name":"(anonymous_0)","decl":{"start":{"line":3,"column":30},"end":{"line":3,"column":31}},"loc":{"start":{"line":3,"column":104},"end":{"line":8,"column":1}},"line":3},"1":{"name":"(anonymous_1)","decl":{"start":{"line":10,"column":28},"end":{"line":10,"column":29}},"loc":{"start":{"line":10,"column":34},"end":{"line":10,"column":55}},"line":10}},"branchMap":{"0":{"loc":{"start":{"line":3,"column":31},"end":{"line":3,"column":58}},"type":"default-arg","locations":[{"start":{"line":3,"column":44},"end":{"line":3,"column":58}}],"line":3},"1":{"loc":{"start":{"line":3,"column":60},"end":{"line":3,"column":80}},"type":"default-arg","locations":[{"start":{"line":3,"column":75},"end":{"line":3,"column":80}}],"line":3},"2":{"loc":{"start":{"line":3,"column":82},"end":{"line":3,"column":99}},"type":"default-arg","locations":[{"start":{"line":3,"column":97},"end":{"line":3,"column":99}}],"line":3},"3":{"loc":{"start":{"line":4,"column":24},"end":{"line":4,"column":95}},"type":"cond-expr","locations":[{"start":{"line":4,"column":39},"end":{"line":4,"column":90}},{"start":{"line":4,"column":93},"end":{"line":4,"column":95}}],"line":4},"4":{"loc":{"start":{"line":6,"column":24},"end":{"line":6,"column":79}},"type":"cond-expr","locations":[{"start":{"line":6,"column":49},"end":{"line":6,"column":51}},{"start":{"line":6,"column":54},"end":{"line":6,"column":79}}],"line":6}},"s":{"0":1,"1":0,"2":0,"3":0,"4":0,"5":1,"6":0},"f":{"0":0,"1":0},"b":{"0":[0],"1":[0],"2":[0],"3":[0,0],"4":[0,0]},"_coverageSchema":"1a1c01bbd47fc00a2c39e90264f33305004495a9","hash":"9c00bb6190114786fffa3b59c058e434b7386fce"}
,"D:\\dev\\netflix-roulette\\src\\utils\\constants.js": {"path":"D:\\dev\\netflix-roulette\\src\\utils\\constants.js","statementMap":{"0":{"start":{"line":1,"column":29},"end":{"line":7,"column":1}},"1":{"start":{"line":8,"column":22},"end":{"line":8,"column":66}},"2":{"start":{"line":9,"column":35},"end":{"line":9,"column":53}},"3":{"start":{"line":11,"column":29},"end":{"line":11,"column":37}},"4":{"start":{"line":12,"column":27},"end":{"line":12,"column":33}},"5":{"start":{"line":13,"column":29},"end":{"line":13,"column":37}},"6":{"start":{"line":15,"column":33},"end":{"line":15,"column":45}},"7":{"start":{"line":16,"column":35},"end":{"line":16,"column":49}},"8":{"start":{"line":18,"column":45},"end":{"line":18,"column":69}},"9":{"start":{"line":19,"column":43},"end":{"line":19,"column":65}},"10":{"start":{"line":20,"column":41},"end":{"line":20,"column":61}},"11":{"start":{"line":22,"column":19},"end":{"line":22,"column":49}},"12":{"start":{"line":23,"column":30},"end":{"line":23,"column":41}},"13":{"start":{"line":25,"column":32},"end":{"line":25,"column":86}},"14":{"start":{"line":26,"column":36},"end":{"line":26,"column":75}}},"fnMap":{},"branchMap":{},"s":{"0":2,"1":2,"2":2,"3":2,"4":2,"5":2,"6":2,"7":2,"8":2,"9":2,"10":2,"11":2,"12":2,"13":2,"14":2},"f":{},"b":{},"_coverageSchema":"1a1c01bbd47fc00a2c39e90264f33305004495a9","hash":"56d11e8f4cd056d76d1d9e2c842002cad568884f"}
,"D:\\dev\\netflix-roulette\\src\\utils\\formik.js": {"path":"D:\\dev\\netflix-roulette\\src\\utils\\formik.js","statementMap":{"0":{"start":{"line":1,"column":24},"end":{"line":34,"column":1}},"1":{"start":{"line":2,"column":19},"end":{"line":2,"column":21}},"2":{"start":{"line":3,"column":4},"end":{"line":5,"column":5}},"3":{"start":{"line":4,"column":8},"end":{"line":4,"column":49}},"4":{"start":{"line":6,"column":4},"end":{"line":8,"column":5}},"5":{"start":{"line":7,"column":8},"end":{"line":7,"column":63}},"6":{"start":{"line":9,"column":4},"end":{"line":11,"column":5}},"7":{"start":{"line":10,"column":8},"end":{"line":10,"column":61}},"8":{"start":{"line":12,"column":4},"end":{"line":14,"column":5}},"9":{"start":{"line":13,"column":8},"end":{"line":13,"column":68}},"10":{"start":{"line":15,"column":4},"end":{"line":17,"column":5}},"11":{"start":{"line":16,"column":8},"end":{"line":16,"column":55}},"12":{"start":{"line":18,"column":4},"end":{"line":24,"column":5}},"13":{"start":{"line":19,"column":8},"end":{"line":19,"column":53}},"14":{"start":{"line":20,"column":11},"end":{"line":24,"column":5}},"15":{"start":{"line":21,"column":8},"end":{"line":21,"column":59}},"16":{"start":{"line":22,"column":11},"end":{"line":24,"column":5}},"17":{"start":{"line":23,"column":8},"end":{"line":23,"column":51}},"18":{"start":{"line":25,"column":4},"end":{"line":29,"column":5}},"19":{"start":{"line":26,"column":8},"end":{"line":26,"column":74}},"20":{"start":{"line":27,"column":11},"end":{"line":29,"column":5}},"21":{"start":{"line":28,"column":8},"end":{"line":28,"column":55}},"22":{"start":{"line":30,"column":4},"end":{"line":32,"column":5}},"23":{"start":{"line":31,"column":8},"end":{"line":31,"column":50}},"24":{"start":{"line":33,"column":4},"end":{"line":33,"column":18}}},"fnMap":{"0":{"name":"(anonymous_0)","decl":{"start":{"line":1,"column":24},"end":{"line":1,"column":25}},"loc":{"start":{"line":1,"column":34},"end":{"line":34,"column":1}},"line":1}},"branchMap":{"0":{"loc":{"start":{"line":3,"column":4},"end":{"line":5,"column":5}},"type":"if","locations":[{"start":{"line":3,"column":4},"end":{"line":5,"column":5}},{"start":{},"end":{}}],"line":3},"1":{"loc":{"start":{"line":6,"column":4},"end":{"line":8,"column":5}},"type":"if","locations":[{"start":{"line":6,"column":4},"end":{"line":8,"column":5}},{"start":{},"end":{}}],"line":6},"2":{"loc":{"start":{"line":9,"column":4},"end":{"line":11,"column":5}},"type":"if","locations":[{"start":{"line":9,"column":4},"end":{"line":11,"column":5}},{"start":{},"end":{}}],"line":9},"3":{"loc":{"start":{"line":12,"column":4},"end":{"line":14,"column":5}},"type":"if","locations":[{"start":{"line":12,"column":4},"end":{"line":14,"column":5}},{"start":{},"end":{}}],"line":12},"4":{"loc":{"start":{"line":15,"column":4},"end":{"line":17,"column":5}},"type":"if","locations":[{"start":{"line":15,"column":4},"end":{"line":17,"column":5}},{"start":{},"end":{}}],"line":15},"5":{"loc":{"start":{"line":18,"column":4},"end":{"line":24,"column":5}},"type":"if","locations":[{"start":{"line":18,"column":4},"end":{"line":24,"column":5}},{"start":{"line":20,"column":11},"end":{"line":24,"column":5}}],"line":18},"6":{"loc":{"start":{"line":20,"column":11},"end":{"line":24,"column":5}},"type":"if","locations":[{"start":{"line":20,"column":11},"end":{"line":24,"column":5}},{"start":{"line":22,"column":11},"end":{"line":24,"column":5}}],"line":20},"7":{"loc":{"start":{"line":22,"column":11},"end":{"line":24,"column":5}},"type":"if","locations":[{"start":{"line":22,"column":11},"end":{"line":24,"column":5}},{"start":{},"end":{}}],"line":22},"8":{"loc":{"start":{"line":25,"column":4},"end":{"line":29,"column":5}},"type":"if","locations":[{"start":{"line":25,"column":4},"end":{"line":29,"column":5}},{"start":{"line":27,"column":11},"end":{"line":29,"column":5}}],"line":25},"9":{"loc":{"start":{"line":25,"column":8},"end":{"line":25,"column":59}},"type":"binary-expr","locations":[{"start":{"line":25,"column":8},"end":{"line":25,"column":31}},{"start":{"line":25,"column":35},"end":{"line":25,"column":59}}],"line":25},"10":{"loc":{"start":{"line":27,"column":11},"end":{"line":29,"column":5}},"type":"if","locations":[{"start":{"line":27,"column":11},"end":{"line":29,"column":5}},{"start":{},"end":{}}],"line":27},"11":{"loc":{"start":{"line":30,"column":4},"end":{"line":32,"column":5}},"type":"if","locations":[{"start":{"line":30,"column":4},"end":{"line":32,"column":5}},{"start":{},"end":{}}],"line":30}},"s":{"0":2,"1":7,"2":7,"3":6,"4":7,"5":6,"6":7,"7":6,"8":7,"9":5,"10":7,"11":6,"12":7,"13":4,"14":3,"15":1,"16":2,"17":1,"18":7,"19":2,"20":5,"21":4,"22":7,"23":6,"24":7},"f":{"0":7},"b":{"0":[6,1],"1":[6,1],"2":[6,1],"3":[5,2],"4":[6,1],"5":[4,3],"6":[1,2],"7":[1,1],"8":[2,5],"9":[7,6],"10":[4,1],"11":[6,1]},"_coverageSchema":"1a1c01bbd47fc00a2c39e90264f33305004495a9","hash":"344e90fab6dd7fed368cec1d88e292267af5db0c"}
,"D:\\dev\\netflix-roulette\\src\\utils\\utils.js": {"path":"D:\\dev\\netflix-roulette\\src\\utils\\utils.js","statementMap":{"0":{"start":{"line":3,"column":41},"end":{"line":5,"column":1}},"1":{"start":{"line":4,"column":4},"end":{"line":4,"column":40}},"2":{"start":{"line":7,"column":28},"end":{"line":26,"column":1}},"3":{"start":{"line":8,"column":17},"end":{"line":8,"column":54}},"4":{"start":{"line":9,"column":4},"end":{"line":24,"column":5}},"5":{"start":{"line":10,"column":8},"end":{"line":23,"column":9}},"6":{"start":{"line":11,"column":12},"end":{"line":12,"column":36}},"7":{"start":{"line":12,"column":16},"end":{"line":12,"column":36}},"8":{"start":{"line":14,"column":12},"end":{"line":16,"column":13}},"9":{"start":{"line":15,"column":16},"end":{"line":15,"column":48}},"10":{"start":{"line":17,"column":12},"end":{"line":19,"column":13}},"11":{"start":{"line":18,"column":16},"end":{"line":18,"column":56}},"12":{"start":{"line":20,"column":12},"end":{"line":22,"column":13}},"13":{"start":{"line":21,"column":16},"end":{"line":21,"column":56}},"14":{"start":{"line":25,"column":4},"end":{"line":25,"column":16}}},"fnMap":{"0":{"name":"(anonymous_0)","decl":{"start":{"line":3,"column":41},"end":{"line":3,"column":42}},"loc":{"start":{"line":3,"column":50},"end":{"line":5,"column":1}},"line":3},"1":{"name":"(anonymous_1)","decl":{"start":{"line":7,"column":28},"end":{"line":7,"column":29}},"loc":{"start":{"line":7,"column":43},"end":{"line":26,"column":1}},"line":7}},"branchMap":{"0":{"loc":{"start":{"line":10,"column":8},"end":{"line":23,"column":9}},"type":"if","locations":[{"start":{"line":10,"column":8},"end":{"line":23,"column":9}},{"start":{},"end":{}}],"line":10},"1":{"loc":{"start":{"line":11,"column":12},"end":{"line":12,"column":36}},"type":"if","locations":[{"start":{"line":11,"column":12},"end":{"line":12,"column":36}},{"start":{},"end":{}}],"line":11},"2":{"loc":{"start":{"line":11,"column":16},"end":{"line":11,"column":70}},"type":"binary-expr","locations":[{"start":{"line":11,"column":16},"end":{"line":11,"column":39}},{"start":{"line":11,"column":43},"end":{"line":11,"column":70}}],"line":11},"3":{"loc":{"start":{"line":14,"column":12},"end":{"line":16,"column":13}},"type":"if","locations":[{"start":{"line":14,"column":12},"end":{"line":16,"column":13}},{"start":{},"end":{}}],"line":14},"4":{"loc":{"start":{"line":14,"column":16},"end":{"line":14,"column":57}},"type":"binary-expr","locations":[{"start":{"line":14,"column":16},"end":{"line":14,"column":38}},{"start":{"line":14,"column":42},"end":{"line":14,"column":57}}],"line":14},"5":{"loc":{"start":{"line":17,"column":12},"end":{"line":19,"column":13}},"type":"if","locations":[{"start":{"line":17,"column":12},"end":{"line":19,"column":13}},{"start":{},"end":{}}],"line":17},"6":{"loc":{"start":{"line":20,"column":12},"end":{"line":22,"column":13}},"type":"if","locations":[{"start":{"line":20,"column":12},"end":{"line":22,"column":13}},{"start":{},"end":{}}],"line":20}},"s":{"0":1,"1":0,"2":1,"3":1,"4":1,"5":7,"6":7,"7":0,"8":7,"9":0,"10":7,"11":1,"12":7,"13":1,"14":1},"f":{"0":0,"1":1},"b":{"0":[7,0],"1":[0,7],"2":[7,1],"3":[0,7],"4":[7,0],"5":[1,6],"6":[1,6]},"_coverageSchema":"1a1c01bbd47fc00a2c39e90264f33305004495a9","hash":"742c31db1a494d3e1b44234c867d70669a445831"}
}
