TN:
SF:src\components\add-button\add-button.component.jsx
FN:17,(anonymous_0)
FN:26,(anonymous_1)
FNF:2
FNH:1
FNDA:2,(anonymous_0)
FNDA:0,(anonymous_1)
DA:9,1
DA:17,1
DA:18,2
DA:25,2
DA:26,2
DA:27,0
DA:30,2
LF:7
LH:6
BRF:0
BRH:0
end_of_record
TN:
SF:src\components\add-edit-dialog\add-edit-dialog.component.jsx
FN:32,(anonymous_0)
FN:33,(anonymous_1)
FN:52,(anonymous_2)
FN:58,(anonymous_3)
FN:64,(anonymous_4)
FN:70,(anonymous_5)
FN:138,(anonymous_6)
FN:144,(anonymous_7)
FN:168,(anonymous_8)
FNF:9
FNH:3
FNDA:1,(anonymous_0)
FNDA:1,(anonymous_1)
FNDA:0,(anonymous_2)
FNDA:0,(anonymous_3)
FNDA:0,(anonymous_4)
FNDA:0,(anonymous_5)
FNDA:0,(anonymous_6)
FNDA:4,(anonymous_7)
FNDA:0,(anonymous_8)
DA:32,1
DA:33,1
DA:35,1
DA:45,1
DA:47,1
DA:48,1
DA:49,1
DA:53,0
DA:54,0
DA:58,1
DA:59,0
DA:60,0
DA:61,0
DA:64,1
DA:65,0
DA:66,0
DA:67,0
DA:70,1
DA:71,0
DA:74,1
DA:139,0
DA:140,0
DA:142,0
DA:145,4
DA:169,0
LF:25
LH:12
BRDA:35,0,0,1
BRDA:35,0,1,1
BRDA:53,1,0,0
BRDA:53,1,1,0
BRDA:60,2,0,0
BRDA:60,2,1,0
BRDA:65,3,0,0
BRDA:65,3,1,0
BRDA:92,4,0,0
BRDA:92,4,1,1
BRDA:104,5,0,1
BRDA:104,5,1,0
BRDA:105,6,0,1
BRDA:105,6,1,0
BRDA:119,7,0,1
BRDA:119,7,1,0
BRDA:120,8,0,1
BRDA:120,8,1,0
BRDA:135,9,0,1
BRDA:135,9,1,0
BRDA:139,10,0,0
BRDA:139,10,1,0
BRDA:152,11,0,1
BRDA:152,11,1,0
BRDA:153,12,0,1
BRDA:153,12,1,0
BRDA:172,13,0,0
BRDA:172,13,1,0
BRDA:173,14,0,0
BRDA:173,14,1,0
BRDA:185,15,0,1
BRDA:185,15,1,0
BRDA:186,16,0,1
BRDA:186,16,1,0
BRDA:199,17,0,1
BRDA:199,17,1,0
BRDA:200,18,0,1
BRDA:200,18,1,0
BRDA:215,19,0,1
BRDA:215,19,1,0
BRDA:216,20,0,1
BRDA:216,20,1,0
BRF:42
BRH:16
end_of_record
TN:
SF:src\components\custom-button\custom-button.component.jsx
FN:9,(anonymous_0)
FNF:1
FNH:1
FNDA:1,(anonymous_0)
DA:9,1
DA:10,1
DA:12,1
DA:16,1
DA:28,1
DA:35,1
LF:6
LH:6
BRF:0
BRH:0
end_of_record
TN:
SF:src\components\filter-bar\filter-bar.component.jsx
FN:14,(anonymous_0)
FN:16,(anonymous_1)
FN:17,(anonymous_2)
FN:21,(anonymous_3)
FN:25,(anonymous_4)
FN:33,(anonymous_5)
FN:50,(anonymous_6)
FNF:7
FNH:6
FNDA:1,(anonymous_0)
FNDA:1,(anonymous_1)
FNDA:1,(anonymous_2)
FNDA:1,(anonymous_3)
FNDA:1,(anonymous_4)
FNDA:0,(anonymous_5)
FNDA:5,(anonymous_6)
DA:14,1
DA:15,1
DA:16,1
DA:17,1
DA:18,1
DA:19,1
DA:21,1
DA:22,1
DA:25,1
DA:26,1
DA:27,0
DA:28,0
DA:33,1
DA:34,0
DA:35,0
DA:36,0
DA:37,0
DA:38,0
DA:42,0
DA:44,0
DA:48,1
DA:51,5
LF:22
LH:13
BRDA:26,0,0,0
BRDA:26,0,1,1
BRDA:27,1,0,0
BRDA:27,1,1,0
BRDA:27,2,0,0
BRDA:27,2,1,0
BRDA:36,3,0,0
BRDA:36,3,1,0
BRF:8
BRH:1
end_of_record
TN:
SF:src\components\logo\logo.component.jsx
FN:4,(anonymous_0)
FNF:1
FNH:1
FNDA:1,(anonymous_0)
DA:4,1
DA:5,1
LF:2
LH:2
BRF:0
BRH:0
end_of_record
TN:
SF:src\components\search\search.component.jsx
FN:16,(anonymous_0)
FN:19,(anonymous_1)
FN:20,(anonymous_2)
FN:21,(anonymous_3)
FN:25,(anonymous_4)
FN:29,(anonymous_5)
FN:33,(anonymous_6)
FN:40,(anonymous_7)
FN:50,(anonymous_8)
FN:56,(anonymous_9)
FN:79,(anonymous_10)
FNF:11
FNH:8
FNDA:1,(anonymous_0)
FNDA:2,(anonymous_1)
FNDA:2,(anonymous_2)
FNDA:2,(anonymous_3)
FNDA:1,(anonymous_4)
FNDA:1,(anonymous_5)
FNDA:1,(anonymous_6)
FNDA:1,(anonymous_7)
FNDA:0,(anonymous_8)
FNDA:0,(anonymous_9)
FNDA:0,(anonymous_10)
DA:16,1
DA:17,1
DA:18,1
DA:19,2
DA:20,2
DA:21,2
DA:22,1
DA:23,1
DA:25,1
DA:26,1
DA:29,1
DA:30,1
DA:33,1
DA:34,1
DA:35,1
DA:36,1
DA:40,1
DA:41,1
DA:42,1
DA:43,0
DA:50,1
DA:51,0
DA:52,0
DA:56,1
DA:57,0
DA:58,0
DA:59,0
DA:61,0
DA:65,0
DA:68,1
DA:79,0
LF:31
LH:22
BRDA:34,0,0,1
BRDA:34,0,1,0
BRDA:35,1,0,1
BRDA:35,1,1,1
BRDA:42,2,0,0
BRDA:42,2,1,1
BRDA:44,3,0,0
BRDA:44,3,1,0
BRDA:51,4,0,0
BRDA:51,4,1,0
BRDA:58,5,0,0
BRDA:58,5,1,0
BRF:12
BRH:4
end_of_record
TN:
SF:src\store\actionCreators.js
FN:2,(anonymous_0)
FN:7,(anonymous_1)
FN:11,(anonymous_2)
FN:16,(anonymous_3)
FN:20,(anonymous_4)
FN:25,(anonymous_5)
FN:29,(anonymous_6)
FNF:7
FNH:0
FNDA:0,(anonymous_0)
FNDA:0,(anonymous_1)
FNDA:0,(anonymous_2)
FNDA:0,(anonymous_3)
FNDA:0,(anonymous_4)
FNDA:0,(anonymous_5)
FNDA:0,(anonymous_6)
DA:2,1
DA:3,0
DA:7,1
DA:8,0
DA:11,1
DA:12,0
DA:16,1
DA:17,0
DA:20,1
DA:21,0
DA:25,1
DA:26,0
DA:29,1
DA:30,0
LF:14
LH:7
BRF:0
BRH:0
end_of_record
TN:
SF:src\store\initialState.js
FNF:0
FNH:0
DA:1,2
LF:1
LH:1
BRF:0
BRH:0
end_of_record
TN:
SF:src\store\thunks.js
FN:5,(anonymous_0)
FN:6,(anonymous_1)
FN:10,(anonymous_2)
FN:11,(anonymous_3)
FN:19,(anonymous_4)
FN:24,(anonymous_5)
FN:25,(anonymous_6)
FN:33,(anonymous_7)
FN:42,(anonymous_8)
FN:48,(anonymous_9)
FN:49,(anonymous_10)
FN:53,(anonymous_11)
FN:62,(anonymous_12)
FNF:13
FNH:0
FNDA:0,(anonymous_0)
FNDA:0,(anonymous_1)
FNDA:0,(anonymous_2)
FNDA:0,(anonymous_3)
FNDA:0,(anonymous_4)
FNDA:0,(anonymous_5)
FNDA:0,(anonymous_6)
FNDA:0,(anonymous_7)
FNDA:0,(anonymous_8)
FNDA:0,(anonymous_9)
FNDA:0,(anonymous_10)
FNDA:0,(anonymous_11)
FNDA:0,(anonymous_12)
DA:5,1
DA:6,0
DA:7,0
DA:8,0
DA:9,0
DA:10,0
DA:11,0
DA:20,0
DA:24,1
DA:25,0
DA:26,0
DA:34,0
DA:35,0
DA:36,0
DA:37,0
DA:39,0
DA:43,0
DA:44,0
DA:48,1
DA:49,0
DA:50,0
DA:54,0
DA:55,0
DA:56,0
DA:57,0
DA:59,0
DA:63,0
DA:64,0
LF:28
LH:3
BRDA:27,0,0,0
BRDA:27,0,1,0
BRDA:36,1,0,0
BRDA:36,1,1,0
BRDA:56,2,0,0
BRDA:56,2,1,0
BRF:6
BRH:0
end_of_record
TN:
SF:src\store\reducers\rootReducer.js
FN:15,(anonymous_0)
FNF:1
FNH:1
FNDA:11,(anonymous_0)
DA:15,2
DA:16,11
DA:18,1
DA:21,1
DA:24,2
DA:27,1
DA:28,1
DA:31,1
DA:34,1
DA:37,1
DA:40,1
DA:43,2
LF:12
LH:12
BRDA:15,0,0,2
BRDA:16,1,0,1
BRDA:16,1,1,1
BRDA:16,1,2,2
BRDA:16,1,3,1
BRDA:16,1,4,1
BRDA:16,1,5,1
BRDA:16,1,6,1
BRDA:16,1,7,1
BRDA:16,1,8,2
BRF:10
BRH:10
end_of_record
TN:
SF:src\utils\api.js
FN:3,(anonymous_0)
FN:10,(anonymous_1)
FNF:2
FNH:0
FNDA:0,(anonymous_0)
FNDA:0,(anonymous_1)
DA:3,1
DA:4,0
DA:5,0
DA:6,0
DA:7,0
DA:10,1
LF:6
LH:2
BRDA:3,0,0,0
BRDA:3,1,0,0
BRDA:3,2,0,0
BRDA:4,3,0,0
BRDA:4,3,1,0
BRDA:6,4,0,0
BRDA:6,4,1,0
BRF:7
BRH:0
end_of_record
TN:
SF:src\utils\constants.js
FNF:0
FNH:0
DA:1,2
DA:8,2
DA:9,2
DA:11,2
DA:12,2
DA:13,2
DA:15,2
DA:16,2
DA:18,2
DA:19,2
DA:20,2
DA:22,2
DA:23,2
DA:25,2
DA:26,2
LF:15
LH:15
BRF:0
BRH:0
end_of_record
TN:
SF:src\utils\formik.js
FN:1,(anonymous_0)
FNF:1
FNH:1
FNDA:7,(anonymous_0)
DA:1,2
DA:2,7
DA:3,7
DA:4,6
DA:6,7
DA:7,6
DA:9,7
DA:10,6
DA:12,7
DA:13,5
DA:15,7
DA:16,6
DA:18,7
DA:19,4
DA:20,3
DA:21,1
DA:22,2
DA:23,1
DA:25,7
DA:26,2
DA:27,5
DA:28,4
DA:30,7
DA:31,6
DA:33,7
LF:25
LH:25
BRDA:3,0,0,6
BRDA:3,0,1,1
BRDA:6,1,0,6
BRDA:6,1,1,1
BRDA:9,2,0,6
BRDA:9,2,1,1
BRDA:12,3,0,5
BRDA:12,3,1,2
BRDA:15,4,0,6
BRDA:15,4,1,1
BRDA:18,5,0,4
BRDA:18,5,1,3
BRDA:20,6,0,1
BRDA:20,6,1,2
BRDA:22,7,0,1
BRDA:22,7,1,1
BRDA:25,8,0,2
BRDA:25,8,1,5
BRDA:25,9,0,7
BRDA:25,9,1,6
BRDA:27,10,0,4
BRDA:27,10,1,1
BRDA:30,11,0,6
BRDA:30,11,1,1
BRF:24
BRH:24
end_of_record
TN:
SF:src\utils\utils.js
FN:3,(anonymous_0)
FN:7,(anonymous_1)
FNF:2
FNH:1
FNDA:0,(anonymous_0)
FNDA:1,(anonymous_1)
DA:3,1
DA:4,0
DA:7,1
DA:8,1
DA:9,1
DA:10,7
DA:11,7
DA:12,0
DA:14,7
DA:15,0
DA:17,7
DA:18,1
DA:20,7
DA:21,1
DA:25,1
LF:15
LH:12
BRDA:10,0,0,7
BRDA:10,0,1,0
BRDA:11,1,0,0
BRDA:11,1,1,7
BRDA:11,2,0,7
BRDA:11,2,1,1
BRDA:14,3,0,0
BRDA:14,3,1,7
BRDA:14,4,0,7
BRDA:14,4,1,0
BRDA:17,5,0,1
BRDA:17,5,1,6
BRDA:20,6,0,1
BRDA:20,6,1,6
BRF:14
BRH:10
end_of_record
